2018/01/17 21:41:35 [error] [exception.CException] exception 'CException' with message 'Контроллер SiteController не может найти представление "contact".' in D:\OpenServer\domains\MyShop\framework\web\CController.php:881
Stack trace:
#0 D:\OpenServer\domains\MyShop\framework\web\CController.php(785): CController->renderPartial('contact', Array, true)
#1 D:\OpenServer\domains\MyShop\protected\controllers\SiteController.php(72): CController->render('contact', Array)
#2 D:\OpenServer\domains\MyShop\framework\web\actions\CInlineAction.php(49): SiteController->actionContact()
#3 D:\OpenServer\domains\MyShop\framework\web\CController.php(308): CInlineAction->runWithParams(Array)
#4 D:\OpenServer\domains\MyShop\framework\web\CController.php(286): CController->runAction(Object(CInlineAction))
#5 D:\OpenServer\domains\MyShop\framework\web\CController.php(265): CController->runActionWithFilters(Object(CInlineAction), Array)
#6 D:\OpenServer\domains\MyShop\framework\web\CWebApplication.php(282): CController->run('contact')
#7 D:\OpenServer\domains\MyShop\framework\web\CWebApplication.php(141): CWebApplication->runController('site/contact')
#8 D:\OpenServer\domains\MyShop\framework\base\CApplication.php(185): CWebApplication->processRequest()
#9 D:\OpenServer\domains\MyShop\index.php(12): CApplication->run()
#10 {main}
REQUEST_URI=/index.php/site/contact
HTTP_REFERER=http://myshop.lh/index.php/site/login
---
2018/01/17 21:41:44 [error] [exception.CException] exception 'CException' with message 'Контроллер SiteController не может найти представление "contact".' in D:\OpenServer\domains\MyShop\framework\web\CController.php:881
Stack trace:
#0 D:\OpenServer\domains\MyShop\framework\web\CController.php(785): CController->renderPartial('contact', Array, true)
#1 D:\OpenServer\domains\MyShop\protected\controllers\SiteController.php(72): CController->render('contact', Array)
#2 D:\OpenServer\domains\MyShop\framework\web\actions\CInlineAction.php(49): SiteController->actionContact()
#3 D:\OpenServer\domains\MyShop\framework\web\CController.php(308): CInlineAction->runWithParams(Array)
#4 D:\OpenServer\domains\MyShop\framework\web\CController.php(286): CController->runAction(Object(CInlineAction))
#5 D:\OpenServer\domains\MyShop\framework\web\CController.php(265): CController->runActionWithFilters(Object(CInlineAction), Array)
#6 D:\OpenServer\domains\MyShop\framework\web\CWebApplication.php(282): CController->run('contact')
#7 D:\OpenServer\domains\MyShop\framework\web\CWebApplication.php(141): CWebApplication->runController('site/contact')
#8 D:\OpenServer\domains\MyShop\framework\base\CApplication.php(185): CWebApplication->processRequest()
#9 D:\OpenServer\domains\MyShop\index.php(12): CApplication->run()
#10 {main}
REQUEST_URI=/index.php/site/contact
HTTP_REFERER=http://myshop.lh/index.php/
---
2018/01/17 21:42:54 [error] [exception.CException] exception 'CException' with message 'Контроллер SiteController не может найти представление "contact".' in D:\OpenServer\domains\MyShop\framework\web\CController.php:881
Stack trace:
#0 D:\OpenServer\domains\MyShop\framework\web\CController.php(785): CController->renderPartial('contact', Array, true)
#1 D:\OpenServer\domains\MyShop\protected\controllers\SiteController.php(72): CController->render('contact', Array)
#2 D:\OpenServer\domains\MyShop\framework\web\actions\CInlineAction.php(49): SiteController->actionContact()
#3 D:\OpenServer\domains\MyShop\framework\web\CController.php(308): CInlineAction->runWithParams(Array)
#4 D:\OpenServer\domains\MyShop\framework\web\CController.php(286): CController->runAction(Object(CInlineAction))
#5 D:\OpenServer\domains\MyShop\framework\web\CController.php(265): CController->runActionWithFilters(Object(CInlineAction), Array)
#6 D:\OpenServer\domains\MyShop\framework\web\CWebApplication.php(282): CController->run('contact')
#7 D:\OpenServer\domains\MyShop\framework\web\CWebApplication.php(141): CWebApplication->runController('site/contact')
#8 D:\OpenServer\domains\MyShop\framework\base\CApplication.php(185): CWebApplication->processRequest()
#9 D:\OpenServer\domains\MyShop\index.php(12): CApplication->run()
#10 {main}
REQUEST_URI=/index.php/site/contact
HTTP_REFERER=http://myshop.lh/index.php/
---
2018/01/17 21:43:02 [error] [exception.CHttpException.404] exception 'CHttpException' with message 'Системе не удалось найти запрашиваемое действие "register".' in D:\OpenServer\domains\MyShop\framework\web\CController.php:486
Stack trace:
#0 D:\OpenServer\domains\MyShop\framework\web\CController.php(270): CController->missingAction('register')
#1 D:\OpenServer\domains\MyShop\framework\web\CWebApplication.php(282): CController->run('register')
#2 D:\OpenServer\domains\MyShop\framework\web\CWebApplication.php(141): CWebApplication->runController('site/register')
#3 D:\OpenServer\domains\MyShop\framework\base\CApplication.php(185): CWebApplication->processRequest()
#4 D:\OpenServer\domains\MyShop\index.php(12): CApplication->run()
#5 {main}
REQUEST_URI=/index.php/site/register
HTTP_REFERER=http://myshop.lh/index.php
---
2018/01/17 21:44:51 [error] [exception.CHttpException.404] exception 'CHttpException' with message 'Системе не удалось найти запрашиваемое действие "register".' in D:\OpenServer\domains\MyShop\framework\web\CController.php:486
Stack trace:
#0 D:\OpenServer\domains\MyShop\framework\web\CController.php(270): CController->missingAction('register')
#1 D:\OpenServer\domains\MyShop\framework\web\CWebApplication.php(282): CController->run('register')
#2 D:\OpenServer\domains\MyShop\framework\web\CWebApplication.php(141): CWebApplication->runController('site/register')
#3 D:\OpenServer\domains\MyShop\framework\base\CApplication.php(185): CWebApplication->processRequest()
#4 D:\OpenServer\domains\MyShop\index.php(12): CApplication->run()
#5 {main}
REQUEST_URI=/index.php/site/register
HTTP_REFERER=http://myshop.lh/index.php
---
2018/01/17 21:47:52 [error] [exception.CHttpException.404] exception 'CHttpException' with message 'Системе не удалось найти запрашиваемое действие "register".' in D:\OpenServer\domains\MyShop\framework\web\CController.php:486
Stack trace:
#0 D:\OpenServer\domains\MyShop\framework\web\CController.php(270): CController->missingAction('register')
#1 D:\OpenServer\domains\MyShop\framework\web\CWebApplication.php(282): CController->run('register')
#2 D:\OpenServer\domains\MyShop\framework\web\CWebApplication.php(141): CWebApplication->runController('site/register')
#3 D:\OpenServer\domains\MyShop\framework\base\CApplication.php(185): CWebApplication->processRequest()
#4 D:\OpenServer\domains\MyShop\index.php(12): CApplication->run()
#5 {main}
REQUEST_URI=/index.php/site/register
HTTP_REFERER=http://myshop.lh/index.php
---
2018/01/17 21:51:53 [error] [exception.CHttpException.404] exception 'CHttpException' with message 'Системе не удалось найти запрашиваемое действие "register".' in D:\OpenServer\domains\MyShop\framework\web\CController.php:486
Stack trace:
#0 D:\OpenServer\domains\MyShop\framework\web\CController.php(270): CController->missingAction('register')
#1 D:\OpenServer\domains\MyShop\framework\web\CWebApplication.php(282): CController->run('register')
#2 D:\OpenServer\domains\MyShop\framework\web\CWebApplication.php(141): CWebApplication->runController('site/register')
#3 D:\OpenServer\domains\MyShop\framework\base\CApplication.php(185): CWebApplication->processRequest()
#4 D:\OpenServer\domains\MyShop\index.php(12): CApplication->run()
#5 {main}
REQUEST_URI=/index.php/site/register
HTTP_REFERER=http://myshop.lh/index.php
---
2018/01/17 21:51:59 [error] [exception.CHttpException.404] exception 'CHttpException' with message 'Системе не удалось найти запрашиваемое действие "register".' in D:\OpenServer\domains\MyShop\framework\web\CController.php:486
Stack trace:
#0 D:\OpenServer\domains\MyShop\framework\web\CController.php(270): CController->missingAction('register')
#1 D:\OpenServer\domains\MyShop\framework\web\CWebApplication.php(282): CController->run('register')
#2 D:\OpenServer\domains\MyShop\framework\web\CWebApplication.php(141): CWebApplication->runController('site/register')
#3 D:\OpenServer\domains\MyShop\framework\base\CApplication.php(185): CWebApplication->processRequest()
#4 D:\OpenServer\domains\MyShop\index.php(12): CApplication->run()
#5 {main}
REQUEST_URI=/index.php/site/register
---
2018/01/17 21:53:25 [error] [exception.CException] exception 'CException' with message 'Контроллер SiteController не может найти представление "contact".' in D:\OpenServer\domains\MyShop\framework\web\CController.php:881
Stack trace:
#0 D:\OpenServer\domains\MyShop\framework\web\CController.php(785): CController->renderPartial('contact', Array, true)
#1 D:\OpenServer\domains\MyShop\protected\controllers\SiteController.php(72): CController->render('contact', Array)
#2 D:\OpenServer\domains\MyShop\framework\web\actions\CInlineAction.php(49): SiteController->actionRegister()
#3 D:\OpenServer\domains\MyShop\framework\web\CController.php(308): CInlineAction->runWithParams(Array)
#4 D:\OpenServer\domains\MyShop\framework\web\CController.php(286): CController->runAction(Object(CInlineAction))
#5 D:\OpenServer\domains\MyShop\framework\web\CController.php(265): CController->runActionWithFilters(Object(CInlineAction), Array)
#6 D:\OpenServer\domains\MyShop\framework\web\CWebApplication.php(282): CController->run('register')
#7 D:\OpenServer\domains\MyShop\framework\web\CWebApplication.php(141): CWebApplication->runController('site/register')
#8 D:\OpenServer\domains\MyShop\framework\base\CApplication.php(185): CWebApplication->processRequest()
#9 D:\OpenServer\domains\MyShop\index.php(12): CApplication->run()
#10 {main}
REQUEST_URI=/index.php/site/register
---
2018/01/17 21:53:57 [error] [exception.CException] exception 'CException' with message 'Не определено свойство "Users.name".' in D:\OpenServer\domains\MyShop\framework\base\CComponent.php:130
Stack trace:
#0 D:\OpenServer\domains\MyShop\framework\db\ar\CActiveRecord.php(145): CComponent->__get('name')
#1 D:\OpenServer\domains\MyShop\framework\web\helpers\CHtml.php(2747): CActiveRecord->__get('name')
#2 D:\OpenServer\domains\MyShop\framework\web\helpers\CHtml.php(2470): CHtml::resolveValue(Object(Users), 'name')
#3 D:\OpenServer\domains\MyShop\framework\web\helpers\CHtml.php(1540): CHtml::activeInputField('text', Object(Users), 'name', Array)
#4 D:\OpenServer\domains\MyShop\framework\web\widgets\CActiveForm.php(792): CHtml::activeTextField(Object(Users), 'name', Array)
#5 D:\OpenServer\domains\MyShop\protected\views\site\register.php(42): CActiveForm->textField(Object(Users), 'name')
#6 D:\OpenServer\domains\MyShop\framework\web\CBaseController.php(126): require('D:\\OpenServer\\d...')
#7 D:\OpenServer\domains\MyShop\framework\web\CBaseController.php(95): CBaseController->renderInternal('D:\\OpenServer\\d...', Array, true)
#8 D:\OpenServer\domains\MyShop\framework\web\CController.php(872): CBaseController->renderFile('D:\\OpenServer\\d...', Array, true)
#9 D:\OpenServer\domains\MyShop\framework\web\CController.php(785): CController->renderPartial('register', Array, true)
#10 D:\OpenServer\domains\MyShop\protected\controllers\SiteController.php(72): CController->render('register', Array)
#11 D:\OpenServer\domains\MyShop\framework\web\actions\CInlineAction.php(49): SiteController->actionRegister()
#12 D:\OpenServer\domains\MyShop\framework\web\CController.php(308): CInlineAction->runWithParams(Array)
#13 D:\OpenServer\domains\MyShop\framework\web\CController.php(286): CController->runAction(Object(CInlineAction))
#14 D:\OpenServer\domains\MyShop\framework\web\CController.php(265): CController->runActionWithFilters(Object(CInlineAction), Array)
#15 D:\OpenServer\domains\MyShop\framework\web\CWebApplication.php(282): CController->run('register')
#16 D:\OpenServer\domains\MyShop\framework\web\CWebApplication.php(141): CWebApplication->runController('site/register')
#17 D:\OpenServer\domains\MyShop\framework\base\CApplication.php(185): CWebApplication->processRequest()
#18 D:\OpenServer\domains\MyShop\index.php(12): CApplication->run()
#19 {main}
REQUEST_URI=/index.php/site/register
---
2018/01/17 21:54:41 [error] [exception.CException] exception 'CException' with message 'Не определено свойство "Users.name".' in D:\OpenServer\domains\MyShop\framework\base\CComponent.php:130
Stack trace:
#0 D:\OpenServer\domains\MyShop\framework\db\ar\CActiveRecord.php(145): CComponent->__get('name')
#1 D:\OpenServer\domains\MyShop\framework\web\helpers\CHtml.php(2747): CActiveRecord->__get('name')
#2 D:\OpenServer\domains\MyShop\framework\web\helpers\CHtml.php(2470): CHtml::resolveValue(Object(Users), 'name')
#3 D:\OpenServer\domains\MyShop\framework\web\helpers\CHtml.php(1540): CHtml::activeInputField('text', Object(Users), 'name', Array)
#4 D:\OpenServer\domains\MyShop\framework\web\widgets\CActiveForm.php(792): CHtml::activeTextField(Object(Users), 'name', Array)
#5 D:\OpenServer\domains\MyShop\protected\views\site\register.php(42): CActiveForm->textField(Object(Users), 'name')
#6 D:\OpenServer\domains\MyShop\framework\web\CBaseController.php(126): require('D:\\OpenServer\\d...')
#7 D:\OpenServer\domains\MyShop\framework\web\CBaseController.php(95): CBaseController->renderInternal('D:\\OpenServer\\d...', Array, true)
#8 D:\OpenServer\domains\MyShop\framework\web\CController.php(872): CBaseController->renderFile('D:\\OpenServer\\d...', Array, true)
#9 D:\OpenServer\domains\MyShop\framework\web\CController.php(785): CController->renderPartial('register', Array, true)
#10 D:\OpenServer\domains\MyShop\protected\controllers\SiteController.php(72): CController->render('register', Array)
#11 D:\OpenServer\domains\MyShop\framework\web\actions\CInlineAction.php(49): SiteController->actionRegister()
#12 D:\OpenServer\domains\MyShop\framework\web\CController.php(308): CInlineAction->runWithParams(Array)
#13 D:\OpenServer\domains\MyShop\framework\web\CController.php(286): CController->runAction(Object(CInlineAction))
#14 D:\OpenServer\domains\MyShop\framework\web\CController.php(265): CController->runActionWithFilters(Object(CInlineAction), Array)
#15 D:\OpenServer\domains\MyShop\framework\web\CWebApplication.php(282): CController->run('register')
#16 D:\OpenServer\domains\MyShop\framework\web\CWebApplication.php(141): CWebApplication->runController('site/register')
#17 D:\OpenServer\domains\MyShop\framework\base\CApplication.php(185): CWebApplication->processRequest()
#18 D:\OpenServer\domains\MyShop\index.php(12): CApplication->run()
#19 {main}
REQUEST_URI=/index.php/site/register
---
2018/01/17 22:08:58 [error] [exception.CException] exception 'CException' with message 'Не определено свойство "SiteController.*CController*_action".' in D:\OpenServer\domains\MyShop\framework\base\CComponent.php:130
Stack trace:
#0 D:\OpenServer\domains\MyShop\protected\views\site\register.php(8): CComponent->__get('*CController*_a...')
#1 D:\OpenServer\domains\MyShop\framework\web\CBaseController.php(126): require('D:\\OpenServer\\d...')
#2 D:\OpenServer\domains\MyShop\framework\web\CBaseController.php(95): CBaseController->renderInternal('D:\\OpenServer\\d...', Array, true)
#3 D:\OpenServer\domains\MyShop\framework\web\CController.php(872): CBaseController->renderFile('D:\\OpenServer\\d...', Array, true)
#4 D:\OpenServer\domains\MyShop\framework\web\CController.php(785): CController->renderPartial('register', Array, true)
#5 D:\OpenServer\domains\MyShop\protected\controllers\SiteController.php(72): CController->render('register', Array)
#6 D:\OpenServer\domains\MyShop\framework\web\actions\CInlineAction.php(49): SiteController->actionRegister()
#7 D:\OpenServer\domains\MyShop\framework\web\CController.php(308): CInlineAction->runWithParams(Array)
#8 D:\OpenServer\domains\MyShop\framework\web\CController.php(286): CController->runAction(Object(CInlineAction))
#9 D:\OpenServer\domains\MyShop\framework\web\CController.php(265): CController->runActionWithFilters(Object(CInlineAction), Array)
#10 D:\OpenServer\domains\MyShop\framework\web\CWebApplication.php(282): CController->run('register')
#11 D:\OpenServer\domains\MyShop\framework\web\CWebApplication.php(141): CWebApplication->runController('site/register')
#12 D:\OpenServer\domains\MyShop\framework\base\CApplication.php(185): CWebApplication->processRequest()
#13 D:\OpenServer\domains\MyShop\index.php(12): CApplication->run()
#14 {main}
REQUEST_URI=/index.php/site/register
---
2018/01/17 22:09:23 [error] [exception.CException] exception 'CException' with message 'Не определено свойство "Users.name".' in D:\OpenServer\domains\MyShop\framework\base\CComponent.php:130
Stack trace:
#0 D:\OpenServer\domains\MyShop\framework\db\ar\CActiveRecord.php(145): CComponent->__get('name')
#1 D:\OpenServer\domains\MyShop\framework\web\helpers\CHtml.php(2747): CActiveRecord->__get('name')
#2 D:\OpenServer\domains\MyShop\framework\web\helpers\CHtml.php(2470): CHtml::resolveValue(Object(Users), 'name')
#3 D:\OpenServer\domains\MyShop\framework\web\helpers\CHtml.php(1540): CHtml::activeInputField('text', Object(Users), 'name', Array)
#4 D:\OpenServer\domains\MyShop\framework\web\widgets\CActiveForm.php(792): CHtml::activeTextField(Object(Users), 'name', Array)
#5 D:\OpenServer\domains\MyShop\protected\views\site\register.php(42): CActiveForm->textField(Object(Users), 'name')
#6 D:\OpenServer\domains\MyShop\framework\web\CBaseController.php(126): require('D:\\OpenServer\\d...')
#7 D:\OpenServer\domains\MyShop\framework\web\CBaseController.php(95): CBaseController->renderInternal('D:\\OpenServer\\d...', Array, true)
#8 D:\OpenServer\domains\MyShop\framework\web\CController.php(872): CBaseController->renderFile('D:\\OpenServer\\d...', Array, true)
#9 D:\OpenServer\domains\MyShop\framework\web\CController.php(785): CController->renderPartial('register', Array, true)
#10 D:\OpenServer\domains\MyShop\protected\controllers\SiteController.php(72): CController->render('register', Array)
#11 D:\OpenServer\domains\MyShop\framework\web\actions\CInlineAction.php(49): SiteController->actionRegister()
#12 D:\OpenServer\domains\MyShop\framework\web\CController.php(308): CInlineAction->runWithParams(Array)
#13 D:\OpenServer\domains\MyShop\framework\web\CController.php(286): CController->runAction(Object(CInlineAction))
#14 D:\OpenServer\domains\MyShop\framework\web\CController.php(265): CController->runActionWithFilters(Object(CInlineAction), Array)
#15 D:\OpenServer\domains\MyShop\framework\web\CWebApplication.php(282): CController->run('register')
#16 D:\OpenServer\domains\MyShop\framework\web\CWebApplication.php(141): CWebApplication->runController('site/register')
#17 D:\OpenServer\domains\MyShop\framework\base\CApplication.php(185): CWebApplication->processRequest()
#18 D:\OpenServer\domains\MyShop\index.php(12): CApplication->run()
#19 {main}
REQUEST_URI=/index.php/site/register
---
2018/01/17 22:10:41 [error] [exception.CException] exception 'CException' with message 'Не определено свойство "Users.name".' in D:\OpenServer\domains\MyShop\framework\base\CComponent.php:130
Stack trace:
#0 D:\OpenServer\domains\MyShop\framework\db\ar\CActiveRecord.php(145): CComponent->__get('name')
#1 D:\OpenServer\domains\MyShop\framework\web\helpers\CHtml.php(2747): CActiveRecord->__get('name')
#2 D:\OpenServer\domains\MyShop\framework\web\helpers\CHtml.php(2470): CHtml::resolveValue(Object(Users), 'name')
#3 D:\OpenServer\domains\MyShop\framework\web\helpers\CHtml.php(1540): CHtml::activeInputField('text', Object(Users), 'name', Array)
#4 D:\OpenServer\domains\MyShop\framework\web\widgets\CActiveForm.php(792): CHtml::activeTextField(Object(Users), 'name', Array)
#5 D:\OpenServer\domains\MyShop\protected\views\site\register.php(42): CActiveForm->textField(Object(Users), 'name')
#6 D:\OpenServer\domains\MyShop\framework\web\CBaseController.php(126): require('D:\\OpenServer\\d...')
#7 D:\OpenServer\domains\MyShop\framework\web\CBaseController.php(95): CBaseController->renderInternal('D:\\OpenServer\\d...', Array, true)
#8 D:\OpenServer\domains\MyShop\framework\web\CController.php(872): CBaseController->renderFile('D:\\OpenServer\\d...', Array, true)
#9 D:\OpenServer\domains\MyShop\framework\web\CController.php(785): CController->renderPartial('register', Array, true)
#10 D:\OpenServer\domains\MyShop\protected\controllers\SiteController.php(72): CController->render('register', Array)
#11 D:\OpenServer\domains\MyShop\framework\web\actions\CInlineAction.php(49): SiteController->actionRegister()
#12 D:\OpenServer\domains\MyShop\framework\web\CController.php(308): CInlineAction->runWithParams(Array)
#13 D:\OpenServer\domains\MyShop\framework\web\CController.php(286): CController->runAction(Object(CInlineAction))
#14 D:\OpenServer\domains\MyShop\framework\web\CController.php(265): CController->runActionWithFilters(Object(CInlineAction), Array)
#15 D:\OpenServer\domains\MyShop\framework\web\CWebApplication.php(282): CController->run('register')
#16 D:\OpenServer\domains\MyShop\framework\web\CWebApplication.php(141): CWebApplication->runController('site/register')
#17 D:\OpenServer\domains\MyShop\framework\base\CApplication.php(185): CWebApplication->processRequest()
#18 D:\OpenServer\domains\MyShop\index.php(12): CApplication->run()
#19 {main}
REQUEST_URI=/index.php/site/register
---
2018/01/17 22:15:56 [error] [exception.CException] exception 'CException' with message 'Не определено свойство "Users.verifyCode".' in D:\OpenServer\domains\MyShop\framework\base\CComponent.php:130
Stack trace:
#0 D:\OpenServer\domains\MyShop\framework\db\ar\CActiveRecord.php(145): CComponent->__get('verifyCode')
#1 D:\OpenServer\domains\MyShop\framework\web\helpers\CHtml.php(2747): CActiveRecord->__get('verifyCode')
#2 D:\OpenServer\domains\MyShop\framework\web\helpers\CHtml.php(2470): CHtml::resolveValue(Object(Users), 'verifyCode')
#3 D:\OpenServer\domains\MyShop\framework\web\helpers\CHtml.php(1540): CHtml::activeInputField('text', Object(Users), 'verifyCode', Array)
#4 D:\OpenServer\domains\MyShop\framework\web\widgets\CActiveForm.php(792): CHtml::activeTextField(Object(Users), 'verifyCode', Array)
#5 D:\OpenServer\domains\MyShop\protected\views\site\register.php(64): CActiveForm->textField(Object(Users), 'verifyCode')
#6 D:\OpenServer\domains\MyShop\framework\web\CBaseController.php(126): require('D:\\OpenServer\\d...')
#7 D:\OpenServer\domains\MyShop\framework\web\CBaseController.php(95): CBaseController->renderInternal('D:\\OpenServer\\d...', Array, true)
#8 D:\OpenServer\domains\MyShop\framework\web\CController.php(872): CBaseController->renderFile('D:\\OpenServer\\d...', Array, true)
#9 D:\OpenServer\domains\MyShop\framework\web\CController.php(785): CController->renderPartial('register', Array, true)
#10 D:\OpenServer\domains\MyShop\protected\controllers\SiteController.php(72): CController->render('register', Array)
#11 D:\OpenServer\domains\MyShop\framework\web\actions\CInlineAction.php(49): SiteController->actionRegister()
#12 D:\OpenServer\domains\MyShop\framework\web\CController.php(308): CInlineAction->runWithParams(Array)
#13 D:\OpenServer\domains\MyShop\framework\web\CController.php(286): CController->runAction(Object(CInlineAction))
#14 D:\OpenServer\domains\MyShop\framework\web\CController.php(265): CController->runActionWithFilters(Object(CInlineAction), Array)
#15 D:\OpenServer\domains\MyShop\framework\web\CWebApplication.php(282): CController->run('register')
#16 D:\OpenServer\domains\MyShop\framework\web\CWebApplication.php(141): CWebApplication->runController('site/register')
#17 D:\OpenServer\domains\MyShop\framework\base\CApplication.php(185): CWebApplication->processRequest()
#18 D:\OpenServer\domains\MyShop\index.php(12): CApplication->run()
#19 {main}
REQUEST_URI=/index.php/site/register
---
2018/01/19 09:17:36 [error] [exception.CException] exception 'CException' with message 'Не определено свойство "Users.verifyCode".' in D:\OpenServer\domains\MyShop\framework\base\CComponent.php:130
Stack trace:
#0 D:\OpenServer\domains\MyShop\framework\db\ar\CActiveRecord.php(145): CComponent->__get('verifyCode')
#1 D:\OpenServer\domains\MyShop\framework\web\helpers\CHtml.php(2747): CActiveRecord->__get('verifyCode')
#2 D:\OpenServer\domains\MyShop\framework\web\helpers\CHtml.php(2470): CHtml::resolveValue(Object(Users), 'verifyCode')
#3 D:\OpenServer\domains\MyShop\framework\web\helpers\CHtml.php(1540): CHtml::activeInputField('text', Object(Users), 'verifyCode', Array)
#4 D:\OpenServer\domains\MyShop\framework\web\widgets\CActiveForm.php(792): CHtml::activeTextField(Object(Users), 'verifyCode', Array)
#5 D:\OpenServer\domains\MyShop\protected\views\site\register.php(64): CActiveForm->textField(Object(Users), 'verifyCode')
#6 D:\OpenServer\domains\MyShop\framework\web\CBaseController.php(126): require('D:\\OpenServer\\d...')
#7 D:\OpenServer\domains\MyShop\framework\web\CBaseController.php(95): CBaseController->renderInternal('D:\\OpenServer\\d...', Array, true)
#8 D:\OpenServer\domains\MyShop\framework\web\CController.php(872): CBaseController->renderFile('D:\\OpenServer\\d...', Array, true)
#9 D:\OpenServer\domains\MyShop\framework\web\CController.php(785): CController->renderPartial('register', Array, true)
#10 D:\OpenServer\domains\MyShop\protected\controllers\SiteController.php(72): CController->render('register', Array)
#11 D:\OpenServer\domains\MyShop\framework\web\actions\CInlineAction.php(49): SiteController->actionRegister()
#12 D:\OpenServer\domains\MyShop\framework\web\CController.php(308): CInlineAction->runWithParams(Array)
#13 D:\OpenServer\domains\MyShop\framework\web\CController.php(286): CController->runAction(Object(CInlineAction))
#14 D:\OpenServer\domains\MyShop\framework\web\CController.php(265): CController->runActionWithFilters(Object(CInlineAction), Array)
#15 D:\OpenServer\domains\MyShop\framework\web\CWebApplication.php(282): CController->run('register')
#16 D:\OpenServer\domains\MyShop\framework\web\CWebApplication.php(141): CWebApplication->runController('site/register')
#17 D:\OpenServer\domains\MyShop\framework\base\CApplication.php(185): CWebApplication->processRequest()
#18 D:\OpenServer\domains\MyShop\index.php(12): CApplication->run()
#19 {main}
REQUEST_URI=/index.php/site/register
HTTP_REFERER=http://myshop.lh/index.php/site/login
---
2018/01/19 09:40:13 [error] [exception.CException] exception 'CException' with message 'Не определено свойство "Users.verifyCode".' in D:\OpenServer\domains\MyShop\framework\base\CComponent.php:130
Stack trace:
#0 D:\OpenServer\domains\MyShop\framework\db\ar\CActiveRecord.php(145): CComponent->__get('verifyCode')
#1 D:\OpenServer\domains\MyShop\framework\web\helpers\CHtml.php(2747): CActiveRecord->__get('verifyCode')
#2 D:\OpenServer\domains\MyShop\framework\web\helpers\CHtml.php(2470): CHtml::resolveValue(Object(Users), 'verifyCode')
#3 D:\OpenServer\domains\MyShop\framework\web\helpers\CHtml.php(1540): CHtml::activeInputField('text', Object(Users), 'verifyCode', Array)
#4 D:\OpenServer\domains\MyShop\framework\web\widgets\CActiveForm.php(792): CHtml::activeTextField(Object(Users), 'verifyCode', Array)
#5 D:\OpenServer\domains\MyShop\protected\views\site\register.php(64): CActiveForm->textField(Object(Users), 'verifyCode')
#6 D:\OpenServer\domains\MyShop\framework\web\CBaseController.php(126): require('D:\\OpenServer\\d...')
#7 D:\OpenServer\domains\MyShop\framework\web\CBaseController.php(95): CBaseController->renderInternal('D:\\OpenServer\\d...', Array, true)
#8 D:\OpenServer\domains\MyShop\framework\web\CController.php(872): CBaseController->renderFile('D:\\OpenServer\\d...', Array, true)
#9 D:\OpenServer\domains\MyShop\framework\web\CController.php(785): CController->renderPartial('register', Array, true)
#10 D:\OpenServer\domains\MyShop\protected\controllers\SiteController.php(72): CController->render('register', Array)
#11 D:\OpenServer\domains\MyShop\framework\web\actions\CInlineAction.php(49): SiteController->actionRegister()
#12 D:\OpenServer\domains\MyShop\framework\web\CController.php(308): CInlineAction->runWithParams(Array)
#13 D:\OpenServer\domains\MyShop\framework\web\CController.php(286): CController->runAction(Object(CInlineAction))
#14 D:\OpenServer\domains\MyShop\framework\web\CController.php(265): CController->runActionWithFilters(Object(CInlineAction), Array)
#15 D:\OpenServer\domains\MyShop\framework\web\CWebApplication.php(282): CController->run('register')
#16 D:\OpenServer\domains\MyShop\framework\web\CWebApplication.php(141): CWebApplication->runController('site/register')
#17 D:\OpenServer\domains\MyShop\framework\base\CApplication.php(185): CWebApplication->processRequest()
#18 D:\OpenServer\domains\MyShop\index.php(12): CApplication->run()
#19 {main}
REQUEST_URI=/index.php/site/register
HTTP_REFERER=http://myshop.lh/index.php/site/page?view=about
---
2018/01/19 10:18:57 [error] [exception.CException] exception 'CException' with message 'Users содержит неверное правило проверки. Правило должно иметь имя и включать элементы для проверки.' in D:\OpenServer\domains\MyShop\framework\base\CModel.php:289
Stack trace:
#0 D:\OpenServer\domains\MyShop\framework\base\CModel.php(260): CModel->createValidators()
#1 D:\OpenServer\domains\MyShop\framework\base\CModel.php(547): CModel->getValidators()
#2 D:\OpenServer\domains\MyShop\framework\web\widgets\CActiveForm.php(567): CModel->getSafeAttributeNames()
#3 D:\OpenServer\domains\MyShop\protected\views\site\register.php(33): CActiveForm->errorSummary(Object(Users))
#4 D:\OpenServer\domains\MyShop\framework\web\CBaseController.php(126): require('D:\\OpenServer\\d...')
#5 D:\OpenServer\domains\MyShop\framework\web\CBaseController.php(95): CBaseController->renderInternal('D:\\OpenServer\\d...', Array, true)
#6 D:\OpenServer\domains\MyShop\framework\web\CController.php(872): CBaseController->renderFile('D:\\OpenServer\\d...', Array, true)
#7 D:\OpenServer\domains\MyShop\framework\web\CController.php(785): CController->renderPartial('register', Array, true)
#8 D:\OpenServer\domains\MyShop\protected\controllers\SiteController.php(72): CController->render('register', Array)
#9 D:\OpenServer\domains\MyShop\framework\web\actions\CInlineAction.php(49): SiteController->actionRegister()
#10 D:\OpenServer\domains\MyShop\framework\web\CController.php(308): CInlineAction->runWithParams(Array)
#11 D:\OpenServer\domains\MyShop\framework\web\CController.php(286): CController->runAction(Object(CInlineAction))
#12 D:\OpenServer\domains\MyShop\framework\web\CController.php(265): CController->runActionWithFilters(Object(CInlineAction), Array)
#13 D:\OpenServer\domains\MyShop\framework\web\CWebApplication.php(282): CController->run('register')
#14 D:\OpenServer\domains\MyShop\framework\web\CWebApplication.php(141): CWebApplication->runController('site/register')
#15 D:\OpenServer\domains\MyShop\framework\base\CApplication.php(185): CWebApplication->processRequest()
#16 D:\OpenServer\domains\MyShop\index.php(12): CApplication->run()
#17 {main}
REQUEST_URI=/index.php/site/register
HTTP_REFERER=http://myshop.lh/index.php/site/page?view=about
---
2018/01/19 10:19:05 [error] [exception.CException] exception 'CException' with message 'Users содержит неверное правило проверки. Правило должно иметь имя и включать элементы для проверки.' in D:\OpenServer\domains\MyShop\framework\base\CModel.php:289
Stack trace:
#0 D:\OpenServer\domains\MyShop\framework\base\CModel.php(260): CModel->createValidators()
#1 D:\OpenServer\domains\MyShop\framework\base\CModel.php(547): CModel->getValidators()
#2 D:\OpenServer\domains\MyShop\framework\web\widgets\CActiveForm.php(567): CModel->getSafeAttributeNames()
#3 D:\OpenServer\domains\MyShop\protected\views\site\register.php(33): CActiveForm->errorSummary(Object(Users))
#4 D:\OpenServer\domains\MyShop\framework\web\CBaseController.php(126): require('D:\\OpenServer\\d...')
#5 D:\OpenServer\domains\MyShop\framework\web\CBaseController.php(95): CBaseController->renderInternal('D:\\OpenServer\\d...', Array, true)
#6 D:\OpenServer\domains\MyShop\framework\web\CController.php(872): CBaseController->renderFile('D:\\OpenServer\\d...', Array, true)
#7 D:\OpenServer\domains\MyShop\framework\web\CController.php(785): CController->renderPartial('register', Array, true)
#8 D:\OpenServer\domains\MyShop\protected\controllers\SiteController.php(72): CController->render('register', Array)
#9 D:\OpenServer\domains\MyShop\framework\web\actions\CInlineAction.php(49): SiteController->actionRegister()
#10 D:\OpenServer\domains\MyShop\framework\web\CController.php(308): CInlineAction->runWithParams(Array)
#11 D:\OpenServer\domains\MyShop\framework\web\CController.php(286): CController->runAction(Object(CInlineAction))
#12 D:\OpenServer\domains\MyShop\framework\web\CController.php(265): CController->runActionWithFilters(Object(CInlineAction), Array)
#13 D:\OpenServer\domains\MyShop\framework\web\CWebApplication.php(282): CController->run('register')
#14 D:\OpenServer\domains\MyShop\framework\web\CWebApplication.php(141): CWebApplication->runController('site/register')
#15 D:\OpenServer\domains\MyShop\framework\base\CApplication.php(185): CWebApplication->processRequest()
#16 D:\OpenServer\domains\MyShop\index.php(12): CApplication->run()
#17 {main}
REQUEST_URI=/index.php/site/register
HTTP_REFERER=http://myshop.lh/index.php/site/page?view=about
---
2018/01/19 10:49:27 [error] [exception.CHttpException.404] exception 'CHttpException' with message 'Системе не удалось найти запрашиваемое действие "captcha".' in D:\OpenServer\domains\MyShop\framework\web\CController.php:486
Stack trace:
#0 D:\OpenServer\domains\MyShop\framework\web\CController.php(270): CController->missingAction('captcha')
#1 D:\OpenServer\domains\MyShop\framework\web\CWebApplication.php(282): CController->run('captcha')
#2 D:\OpenServer\domains\MyShop\framework\web\CWebApplication.php(141): CWebApplication->runController('site/captcha')
#3 D:\OpenServer\domains\MyShop\framework\base\CApplication.php(185): CWebApplication->processRequest()
#4 D:\OpenServer\domains\MyShop\index.php(12): CApplication->run()
#5 {main}
REQUEST_URI=/index.php/site/captcha?v=5a61a306bcbee
HTTP_REFERER=http://myshop.lh/index.php/site/register
---
2018/01/19 10:53:23 [error] [exception.CHttpException.404] exception 'CHttpException' with message 'Системе не удалось найти запрашиваемое действие "register".' in D:\OpenServer\domains\MyShop\framework\web\CController.php:486
Stack trace:
#0 D:\OpenServer\domains\MyShop\framework\web\CController.php(270): CController->missingAction('register')
#1 D:\OpenServer\domains\MyShop\framework\web\CWebApplication.php(282): CController->run('register')
#2 D:\OpenServer\domains\MyShop\framework\web\CWebApplication.php(141): CWebApplication->runController('site/register')
#3 D:\OpenServer\domains\MyShop\framework\base\CApplication.php(185): CWebApplication->processRequest()
#4 D:\OpenServer\domains\MyShop\index.php(12): CApplication->run()
#5 {main}
REQUEST_URI=/index.php/site/register
HTTP_REFERER=http://myshop.lh/index.php/site/register
---
2018/01/19 10:54:05 [error] [exception.CHttpException.404] exception 'CHttpException' with message 'Системе не удалось найти запрашиваемое действие "register".' in D:\OpenServer\domains\MyShop\framework\web\CController.php:486
Stack trace:
#0 D:\OpenServer\domains\MyShop\framework\web\CController.php(270): CController->missingAction('register')
#1 D:\OpenServer\domains\MyShop\framework\web\CWebApplication.php(282): CController->run('register')
#2 D:\OpenServer\domains\MyShop\framework\web\CWebApplication.php(141): CWebApplication->runController('site/register')
#3 D:\OpenServer\domains\MyShop\framework\base\CApplication.php(185): CWebApplication->processRequest()
#4 D:\OpenServer\domains\MyShop\index.php(12): CApplication->run()
#5 {main}
REQUEST_URI=/index.php/site/register
HTTP_REFERER=http://myshop.lh/index.php/site/register
---
2018/01/19 10:54:18 [error] [exception.CHttpException.404] exception 'CHttpException' with message 'Системе не удалось найти запрашиваемое действие "register".' in D:\OpenServer\domains\MyShop\framework\web\CController.php:486
Stack trace:
#0 D:\OpenServer\domains\MyShop\framework\web\CController.php(270): CController->missingAction('register')
#1 D:\OpenServer\domains\MyShop\framework\web\CWebApplication.php(282): CController->run('register')
#2 D:\OpenServer\domains\MyShop\framework\web\CWebApplication.php(141): CWebApplication->runController('site/register')
#3 D:\OpenServer\domains\MyShop\framework\base\CApplication.php(185): CWebApplication->processRequest()
#4 D:\OpenServer\domains\MyShop\index.php(12): CApplication->run()
#5 {main}
REQUEST_URI=/index.php/site/register
---
2018/01/19 10:54:26 [error] [exception.CHttpException.404] exception 'CHttpException' with message 'Системе не удалось найти запрашиваемое действие "register".' in D:\OpenServer\domains\MyShop\framework\web\CController.php:486
Stack trace:
#0 D:\OpenServer\domains\MyShop\framework\web\CController.php(270): CController->missingAction('register')
#1 D:\OpenServer\domains\MyShop\framework\web\CWebApplication.php(282): CController->run('register')
#2 D:\OpenServer\domains\MyShop\framework\web\CWebApplication.php(141): CWebApplication->runController('site/register')
#3 D:\OpenServer\domains\MyShop\framework\base\CApplication.php(185): CWebApplication->processRequest()
#4 D:\OpenServer\domains\MyShop\index.php(12): CApplication->run()
#5 {main}
REQUEST_URI=/index.php/site/register
---
2018/01/19 10:54:51 [error] [exception.CHttpException.404] exception 'CHttpException' with message 'Системе не удалось найти запрашиваемое действие "register".' in D:\OpenServer\domains\MyShop\framework\web\CController.php:486
Stack trace:
#0 D:\OpenServer\domains\MyShop\framework\web\CController.php(270): CController->missingAction('register')
#1 D:\OpenServer\domains\MyShop\framework\web\CWebApplication.php(282): CController->run('register')
#2 D:\OpenServer\domains\MyShop\framework\web\CWebApplication.php(141): CWebApplication->runController('site/register')
#3 D:\OpenServer\domains\MyShop\framework\base\CApplication.php(185): CWebApplication->processRequest()
#4 D:\OpenServer\domains\MyShop\index.php(12): CApplication->run()
#5 {main}
REQUEST_URI=/index.php/site/register
---
2018/01/19 10:54:59 [error] [exception.CHttpException.404] exception 'CHttpException' with message 'Системе не удалось найти запрашиваемое действие "register".' in D:\OpenServer\domains\MyShop\framework\web\CController.php:486
Stack trace:
#0 D:\OpenServer\domains\MyShop\framework\web\CController.php(270): CController->missingAction('register')
#1 D:\OpenServer\domains\MyShop\framework\web\CWebApplication.php(282): CController->run('register')
#2 D:\OpenServer\domains\MyShop\framework\web\CWebApplication.php(141): CWebApplication->runController('site/register')
#3 D:\OpenServer\domains\MyShop\framework\base\CApplication.php(185): CWebApplication->processRequest()
#4 D:\OpenServer\domains\MyShop\index.php(12): CApplication->run()
#5 {main}
REQUEST_URI=/index.php/site/register
---
2018/01/19 10:55:00 [error] [exception.CHttpException.404] exception 'CHttpException' with message 'Системе не удалось найти запрашиваемое действие "register".' in D:\OpenServer\domains\MyShop\framework\web\CController.php:486
Stack trace:
#0 D:\OpenServer\domains\MyShop\framework\web\CController.php(270): CController->missingAction('register')
#1 D:\OpenServer\domains\MyShop\framework\web\CWebApplication.php(282): CController->run('register')
#2 D:\OpenServer\domains\MyShop\framework\web\CWebApplication.php(141): CWebApplication->runController('site/register')
#3 D:\OpenServer\domains\MyShop\framework\base\CApplication.php(185): CWebApplication->processRequest()
#4 D:\OpenServer\domains\MyShop\index.php(12): CApplication->run()
#5 {main}
REQUEST_URI=/index.php/site/register
---
2018/01/19 10:55:01 [error] [exception.CHttpException.404] exception 'CHttpException' with message 'Системе не удалось найти запрашиваемое действие "register".' in D:\OpenServer\domains\MyShop\framework\web\CController.php:486
Stack trace:
#0 D:\OpenServer\domains\MyShop\framework\web\CController.php(270): CController->missingAction('register')
#1 D:\OpenServer\domains\MyShop\framework\web\CWebApplication.php(282): CController->run('register')
#2 D:\OpenServer\domains\MyShop\framework\web\CWebApplication.php(141): CWebApplication->runController('site/register')
#3 D:\OpenServer\domains\MyShop\framework\base\CApplication.php(185): CWebApplication->processRequest()
#4 D:\OpenServer\domains\MyShop\index.php(12): CApplication->run()
#5 {main}
REQUEST_URI=/index.php/site/register
---
2018/01/19 10:55:15 [error] [exception.CHttpException.404] exception 'CHttpException' with message 'Системе не удалось найти запрашиваемое действие "register".' in D:\OpenServer\domains\MyShop\framework\web\CController.php:486
Stack trace:
#0 D:\OpenServer\domains\MyShop\framework\web\CController.php(270): CController->missingAction('register')
#1 D:\OpenServer\domains\MyShop\framework\web\CWebApplication.php(282): CController->run('register')
#2 D:\OpenServer\domains\MyShop\framework\web\CWebApplication.php(141): CWebApplication->runController('site/register')
#3 D:\OpenServer\domains\MyShop\framework\base\CApplication.php(185): CWebApplication->processRequest()
#4 D:\OpenServer\domains\MyShop\index.php(12): CApplication->run()
#5 {main}
REQUEST_URI=/index.php/site/register
---
2018/01/19 10:55:18 [error] [exception.CHttpException.404] exception 'CHttpException' with message 'Системе не удалось найти запрашиваемое действие "register".' in D:\OpenServer\domains\MyShop\framework\web\CController.php:486
Stack trace:
#0 D:\OpenServer\domains\MyShop\framework\web\CController.php(270): CController->missingAction('register')
#1 D:\OpenServer\domains\MyShop\framework\web\CWebApplication.php(282): CController->run('register')
#2 D:\OpenServer\domains\MyShop\framework\web\CWebApplication.php(141): CWebApplication->runController('site/register')
#3 D:\OpenServer\domains\MyShop\framework\base\CApplication.php(185): CWebApplication->processRequest()
#4 D:\OpenServer\domains\MyShop\index.php(12): CApplication->run()
#5 {main}
REQUEST_URI=/index.php/site/register
---
2018/01/19 10:55:18 [error] [exception.CHttpException.404] exception 'CHttpException' with message 'Системе не удалось найти запрашиваемое действие "register".' in D:\OpenServer\domains\MyShop\framework\web\CController.php:486
Stack trace:
#0 D:\OpenServer\domains\MyShop\framework\web\CController.php(270): CController->missingAction('register')
#1 D:\OpenServer\domains\MyShop\framework\web\CWebApplication.php(282): CController->run('register')
#2 D:\OpenServer\domains\MyShop\framework\web\CWebApplication.php(141): CWebApplication->runController('site/register')
#3 D:\OpenServer\domains\MyShop\framework\base\CApplication.php(185): CWebApplication->processRequest()
#4 D:\OpenServer\domains\MyShop\index.php(12): CApplication->run()
#5 {main}
REQUEST_URI=/index.php/site/register
---
2018/01/19 10:55:55 [error] [exception.CHttpException.404] exception 'CHttpException' with message 'Системе не удалось найти запрашиваемое действие "register".' in D:\OpenServer\domains\MyShop\framework\web\CController.php:486
Stack trace:
#0 D:\OpenServer\domains\MyShop\framework\web\CController.php(270): CController->missingAction('register')
#1 D:\OpenServer\domains\MyShop\framework\web\CWebApplication.php(282): CController->run('register')
#2 D:\OpenServer\domains\MyShop\framework\web\CWebApplication.php(141): CWebApplication->runController('site/register')
#3 D:\OpenServer\domains\MyShop\framework\base\CApplication.php(185): CWebApplication->processRequest()
#4 D:\OpenServer\domains\MyShop\index.php(12): CApplication->run()
#5 {main}
REQUEST_URI=/index.php/site/register
HTTP_REFERER=http://myshop.lh/index.php
---
2018/01/19 10:56:41 [error] [exception.CHttpException.404] exception 'CHttpException' with message 'Системе не удалось найти запрашиваемое действие "register".' in D:\OpenServer\domains\MyShop\framework\web\CController.php:486
Stack trace:
#0 D:\OpenServer\domains\MyShop\framework\web\CController.php(270): CController->missingAction('register')
#1 D:\OpenServer\domains\MyShop\framework\web\CWebApplication.php(282): CController->run('register')
#2 D:\OpenServer\domains\MyShop\framework\web\CWebApplication.php(141): CWebApplication->runController('site/register')
#3 D:\OpenServer\domains\MyShop\framework\base\CApplication.php(185): CWebApplication->processRequest()
#4 D:\OpenServer\domains\MyShop\index.php(12): CApplication->run()
#5 {main}
REQUEST_URI=/index.php/site/register
HTTP_REFERER=http://myshop.lh/index.php
---
2018/01/19 10:56:46 [error] [exception.CHttpException.404] exception 'CHttpException' with message 'Системе не удалось найти запрашиваемое действие "register".' in D:\OpenServer\domains\MyShop\framework\web\CController.php:486
Stack trace:
#0 D:\OpenServer\domains\MyShop\framework\web\CController.php(270): CController->missingAction('register')
#1 D:\OpenServer\domains\MyShop\framework\web\CWebApplication.php(282): CController->run('register')
#2 D:\OpenServer\domains\MyShop\framework\web\CWebApplication.php(141): CWebApplication->runController('site/register')
#3 D:\OpenServer\domains\MyShop\framework\base\CApplication.php(185): CWebApplication->processRequest()
#4 D:\OpenServer\domains\MyShop\index.php(12): CApplication->run()
#5 {main}
REQUEST_URI=/index.php/site/register
HTTP_REFERER=http://myshop.lh/index.php
---
2018/01/19 10:57:07 [error] [exception.CHttpException.404] exception 'CHttpException' with message 'Системе не удалось найти запрашиваемое действие "register".' in D:\OpenServer\domains\MyShop\framework\web\CController.php:486
Stack trace:
#0 D:\OpenServer\domains\MyShop\framework\web\CController.php(270): CController->missingAction('register')
#1 D:\OpenServer\domains\MyShop\framework\web\CWebApplication.php(282): CController->run('register')
#2 D:\OpenServer\domains\MyShop\framework\web\CWebApplication.php(141): CWebApplication->runController('site/register')
#3 D:\OpenServer\domains\MyShop\framework\base\CApplication.php(185): CWebApplication->processRequest()
#4 D:\OpenServer\domains\MyShop\index.php(12): CApplication->run()
#5 {main}
REQUEST_URI=/index.php/site/register
HTTP_REFERER=http://myshop.lh/index.php
---
2018/01/19 20:09:10 [error] [exception.CException] exception 'CException' with message 'Не определено свойство "Users.*CActiveRecord*_md".' in D:\OpenServer\domains\MyShop\framework\base\CComponent.php:130
Stack trace:
#0 D:\OpenServer\domains\MyShop\framework\db\ar\CActiveRecord.php(145): CComponent->__get('*CActiveRecord*...')
#1 D:\OpenServer\domains\MyShop\protected\controllers\SiteController.php(56): CActiveRecord->__get('*CActiveRecord*...')
#2 D:\OpenServer\domains\MyShop\framework\web\actions\CInlineAction.php(49): SiteController->actionRegister()
#3 D:\OpenServer\domains\MyShop\framework\web\CController.php(308): CInlineAction->runWithParams(Array)
#4 D:\OpenServer\domains\MyShop\framework\web\CController.php(286): CController->runAction(Object(CInlineAction))
#5 D:\OpenServer\domains\MyShop\framework\web\CController.php(265): CController->runActionWithFilters(Object(CInlineAction), Array)
#6 D:\OpenServer\domains\MyShop\framework\web\CWebApplication.php(282): CController->run('register')
#7 D:\OpenServer\domains\MyShop\framework\web\CWebApplication.php(141): CWebApplication->runController('site/register')
#8 D:\OpenServer\domains\MyShop\framework\base\CApplication.php(185): CWebApplication->processRequest()
#9 D:\OpenServer\domains\MyShop\index.php(12): CApplication->run()
#10 {main}
REQUEST_URI=/index.php/site/register
HTTP_REFERER=http://myshop.lh/index.php/site/page?view=about
---
2018/01/19 20:29:44 [error] [exception.CException] exception 'CException' with message 'Не определено свойство "Users.*CModel*_validators".' in D:\OpenServer\domains\MyShop\framework\base\CComponent.php:130
Stack trace:
#0 D:\OpenServer\domains\MyShop\framework\db\ar\CActiveRecord.php(145): CComponent->__get('*CModel*_valida...')
#1 D:\OpenServer\domains\MyShop\protected\controllers\SiteController.php(60): CActiveRecord->__get('*CModel*_valida...')
#2 D:\OpenServer\domains\MyShop\framework\web\actions\CInlineAction.php(49): SiteController->actionRegister()
#3 D:\OpenServer\domains\MyShop\framework\web\CController.php(308): CInlineAction->runWithParams(Array)
#4 D:\OpenServer\domains\MyShop\framework\web\CController.php(286): CController->runAction(Object(CInlineAction))
#5 D:\OpenServer\domains\MyShop\framework\web\CController.php(265): CController->runActionWithFilters(Object(CInlineAction), Array)
#6 D:\OpenServer\domains\MyShop\framework\web\CWebApplication.php(282): CController->run('register')
#7 D:\OpenServer\domains\MyShop\framework\web\CWebApplication.php(141): CWebApplication->runController('site/register')
#8 D:\OpenServer\domains\MyShop\framework\base\CApplication.php(185): CWebApplication->processRequest()
#9 D:\OpenServer\domains\MyShop\index.php(12): CApplication->run()
#10 {main}
REQUEST_URI=/index.php/site/register
HTTP_REFERER=http://myshop.lh/index.php/site/register
---
2018/01/19 20:35:15 [error] [exception.CException] exception 'CException' with message 'Не определено свойство "CCaptcha.*CWidget*_owner".' in D:\OpenServer\domains\MyShop\framework\base\CComponent.php:130
Stack trace:
#0 D:\OpenServer\domains\MyShop\framework\web\CBaseController.php(183): CComponent->__get('*CWidget*_owner')
#1 D:\OpenServer\domains\MyShop\protected\views\site\register.php(58): CBaseController->widget('CCaptcha')
#2 D:\OpenServer\domains\MyShop\framework\web\CBaseController.php(126): require('D:\\OpenServer\\d...')
#3 D:\OpenServer\domains\MyShop\framework\web\CBaseController.php(95): CBaseController->renderInternal('D:\\OpenServer\\d...', Array, true)
#4 D:\OpenServer\domains\MyShop\framework\web\CController.php(872): CBaseController->renderFile('D:\\OpenServer\\d...', Array, true)
#5 D:\OpenServer\domains\MyShop\framework\web\CController.php(785): CController->renderPartial('register', Array, true)
#6 D:\OpenServer\domains\MyShop\protected\controllers\SiteController.php(66): CController->render('register', Array)
#7 D:\OpenServer\domains\MyShop\framework\web\actions\CInlineAction.php(49): SiteController->actionRegister()
#8 D:\OpenServer\domains\MyShop\framework\web\CController.php(308): CInlineAction->runWithParams(Array)
#9 D:\OpenServer\domains\MyShop\framework\web\CController.php(286): CController->runAction(Object(CInlineAction))
#10 D:\OpenServer\domains\MyShop\framework\web\CController.php(265): CController->runActionWithFilters(Object(CInlineAction), Array)
#11 D:\OpenServer\domains\MyShop\framework\web\CWebApplication.php(282): CController->run('register')
#12 D:\OpenServer\domains\MyShop\framework\web\CWebApplication.php(141): CWebApplication->runController('site/register')
#13 D:\OpenServer\domains\MyShop\framework\base\CApplication.php(185): CWebApplication->processRequest()
#14 D:\OpenServer\domains\MyShop\index.php(12): CApplication->run()
#15 {main}
REQUEST_URI=/index.php/site/register
HTTP_REFERER=http://myshop.lh/index.php/site/page?view=about
---
2018/01/19 20:37:47 [error] [exception.CException] exception 'CException' with message 'Не определено свойство "CCaptchaAction.maxlength".' in D:\OpenServer\domains\MyShop\framework\base\CComponent.php:173
Stack trace:
#0 D:\OpenServer\domains\MyShop\framework\YiiBase.php(220): CComponent->__set('maxlength', 3)
#1 D:\OpenServer\domains\MyShop\framework\web\CController.php(443): YiiBase::createComponent(Array, Object(SiteController), 'captcha')
#2 D:\OpenServer\domains\MyShop\framework\web\CController.php(419): CController->createActionFromMap(Array, 'captcha', 'captcha')
#3 D:\OpenServer\domains\MyShop\framework\validators\CCaptchaValidator.php(66): CController->createAction('captcha')
#4 D:\OpenServer\domains\MyShop\framework\validators\CCaptchaValidator.php(93): CCaptchaValidator->getCaptchaAction()
#5 D:\OpenServer\domains\MyShop\framework\web\widgets\CActiveForm.php(510): CCaptchaValidator->clientValidateAttribute(Object(Users), 'verifyCode')
#6 D:\OpenServer\domains\MyShop\protected\views\site\register.php(67): CActiveForm->error(Object(Users), 'verifyCode')
#7 D:\OpenServer\domains\MyShop\framework\web\CBaseController.php(126): require('D:\\OpenServer\\d...')
#8 D:\OpenServer\domains\MyShop\framework\web\CBaseController.php(95): CBaseController->renderInternal('D:\\OpenServer\\d...', Array, true)
#9 D:\OpenServer\domains\MyShop\framework\web\CController.php(872): CBaseController->renderFile('D:\\OpenServer\\d...', Array, true)
#10 D:\OpenServer\domains\MyShop\framework\web\CController.php(785): CController->renderPartial('register', Array, true)
#11 D:\OpenServer\domains\MyShop\protected\controllers\SiteController.php(67): CController->render('register', Array)
#12 D:\OpenServer\domains\MyShop\framework\web\actions\CInlineAction.php(49): SiteController->actionRegister()
#13 D:\OpenServer\domains\MyShop\framework\web\CController.php(308): CInlineAction->runWithParams(Array)
#14 D:\OpenServer\domains\MyShop\framework\web\CController.php(286): CController->runAction(Object(CInlineAction))
#15 D:\OpenServer\domains\MyShop\framework\web\CController.php(265): CController->runActionWithFilters(Object(CInlineAction), Array)
#16 D:\OpenServer\domains\MyShop\framework\web\CWebApplication.php(282): CController->run('register')
#17 D:\OpenServer\domains\MyShop\framework\web\CWebApplication.php(141): CWebApplication->runController('site/register')
#18 D:\OpenServer\domains\MyShop\framework\base\CApplication.php(185): CWebApplication->processRequest()
#19 D:\OpenServer\domains\MyShop\index.php(12): CApplication->run()
#20 {main}
REQUEST_URI=/index.php/site/register
HTTP_REFERER=http://myshop.lh/index.php/site/login
---
2018/01/19 20:41:14 [error] [exception.CException] exception 'CException' with message 'Не определено свойство "CCaptchaAction.fixedVeryCode".' in D:\OpenServer\domains\MyShop\framework\base\CComponent.php:173
Stack trace:
#0 D:\OpenServer\domains\MyShop\framework\YiiBase.php(220): CComponent->__set('fixedVeryCode', '111')
#1 D:\OpenServer\domains\MyShop\framework\web\CController.php(443): YiiBase::createComponent(Array, Object(SiteController), 'captcha')
#2 D:\OpenServer\domains\MyShop\framework\web\CController.php(419): CController->createActionFromMap(Array, 'captcha', 'captcha')
#3 D:\OpenServer\domains\MyShop\framework\validators\CCaptchaValidator.php(66): CController->createAction('captcha')
#4 D:\OpenServer\domains\MyShop\framework\validators\CCaptchaValidator.php(93): CCaptchaValidator->getCaptchaAction()
#5 D:\OpenServer\domains\MyShop\framework\web\widgets\CActiveForm.php(510): CCaptchaValidator->clientValidateAttribute(Object(Users), 'verifyCode')
#6 D:\OpenServer\domains\MyShop\protected\views\site\register.php(67): CActiveForm->error(Object(Users), 'verifyCode')
#7 D:\OpenServer\domains\MyShop\framework\web\CBaseController.php(126): require('D:\\OpenServer\\d...')
#8 D:\OpenServer\domains\MyShop\framework\web\CBaseController.php(95): CBaseController->renderInternal('D:\\OpenServer\\d...', Array, true)
#9 D:\OpenServer\domains\MyShop\framework\web\CController.php(872): CBaseController->renderFile('D:\\OpenServer\\d...', Array, true)
#10 D:\OpenServer\domains\MyShop\framework\web\CController.php(785): CController->renderPartial('register', Array, true)
#11 D:\OpenServer\domains\MyShop\protected\controllers\SiteController.php(69): CController->render('register', Array)
#12 D:\OpenServer\domains\MyShop\framework\web\actions\CInlineAction.php(49): SiteController->actionRegister()
#13 D:\OpenServer\domains\MyShop\framework\web\CController.php(308): CInlineAction->runWithParams(Array)
#14 D:\OpenServer\domains\MyShop\framework\web\CController.php(286): CController->runAction(Object(CInlineAction))
#15 D:\OpenServer\domains\MyShop\framework\web\CController.php(265): CController->runActionWithFilters(Object(CInlineAction), Array)
#16 D:\OpenServer\domains\MyShop\framework\web\CWebApplication.php(282): CController->run('register')
#17 D:\OpenServer\domains\MyShop\framework\web\CWebApplication.php(141): CWebApplication->runController('site/register')
#18 D:\OpenServer\domains\MyShop\framework\base\CApplication.php(185): CWebApplication->processRequest()
#19 D:\OpenServer\domains\MyShop\index.php(12): CApplication->run()
#20 {main}
REQUEST_URI=/index.php/site/register
HTTP_REFERER=http://myshop.lh/index.php/site/page?view=about
---
2018/01/19 21:01:08 [error] [exception.CException] exception 'CException' with message 'Не определено свойство "Users.*CActiveRecord*_attributes".' in D:\OpenServer\domains\MyShop\framework\base\CComponent.php:130
Stack trace:
#0 D:\OpenServer\domains\MyShop\framework\db\ar\CActiveRecord.php(145): CComponent->__get('*CActiveRecord*...')
#1 D:\OpenServer\domains\MyShop\protected\controllers\SiteController.php(63): CActiveRecord->__get('*CActiveRecord*...')
#2 D:\OpenServer\domains\MyShop\framework\web\actions\CInlineAction.php(49): SiteController->actionRegister()
#3 D:\OpenServer\domains\MyShop\framework\web\CController.php(308): CInlineAction->runWithParams(Array)
#4 D:\OpenServer\domains\MyShop\framework\web\CController.php(286): CController->runAction(Object(CInlineAction))
#5 D:\OpenServer\domains\MyShop\framework\web\CController.php(265): CController->runActionWithFilters(Object(CInlineAction), Array)
#6 D:\OpenServer\domains\MyShop\framework\web\CWebApplication.php(282): CController->run('register')
#7 D:\OpenServer\domains\MyShop\framework\web\CWebApplication.php(141): CWebApplication->runController('site/register')
#8 D:\OpenServer\domains\MyShop\framework\base\CApplication.php(185): CWebApplication->processRequest()
#9 D:\OpenServer\domains\MyShop\index.php(12): CApplication->run()
#10 {main}
REQUEST_URI=/index.php/site/register
HTTP_REFERER=http://myshop.lh/index.php/site/register
---
2018/01/19 21:01:45 [error] [exception.CException] exception 'CException' with message 'Не определено свойство "Users.*CActiveRecord*_attributes".' in D:\OpenServer\domains\MyShop\framework\base\CComponent.php:130
Stack trace:
#0 D:\OpenServer\domains\MyShop\framework\db\ar\CActiveRecord.php(145): CComponent->__get('*CActiveRecord*...')
#1 D:\OpenServer\domains\MyShop\protected\models\Users.php(60): CActiveRecord->__get('*CActiveRecord*...')
#2 D:\OpenServer\domains\MyShop\framework\db\ar\CActiveRecord.php(1077): Users->beforeSave()
#3 D:\OpenServer\domains\MyShop\framework\db\ar\CActiveRecord.php(811): CActiveRecord->insert(NULL)
#4 D:\OpenServer\domains\MyShop\protected\controllers\SiteController.php(65): CActiveRecord->save()
#5 D:\OpenServer\domains\MyShop\framework\web\actions\CInlineAction.php(49): SiteController->actionRegister()
#6 D:\OpenServer\domains\MyShop\framework\web\CController.php(308): CInlineAction->runWithParams(Array)
#7 D:\OpenServer\domains\MyShop\framework\web\CController.php(286): CController->runAction(Object(CInlineAction))
#8 D:\OpenServer\domains\MyShop\framework\web\CController.php(265): CController->runActionWithFilters(Object(CInlineAction), Array)
#9 D:\OpenServer\domains\MyShop\framework\web\CWebApplication.php(282): CController->run('register')
#10 D:\OpenServer\domains\MyShop\framework\web\CWebApplication.php(141): CWebApplication->runController('site/register')
#11 D:\OpenServer\domains\MyShop\framework\base\CApplication.php(185): CWebApplication->processRequest()
#12 D:\OpenServer\domains\MyShop\index.php(12): CApplication->run()
#13 {main}
REQUEST_URI=/index.php/site/register
HTTP_REFERER=http://myshop.lh/index.php/site/register
---
2018/01/19 21:07:00 [error] [exception.CException] exception 'CException' with message 'Не определено свойство "Users.*CActiveRecord*_attributes".' in D:\OpenServer\domains\MyShop\framework\base\CComponent.php:130
Stack trace:
#0 D:\OpenServer\domains\MyShop\framework\db\ar\CActiveRecord.php(145): CComponent->__get('*CActiveRecord*...')
#1 D:\OpenServer\domains\MyShop\protected\models\Users.php(60): CActiveRecord->__get('*CActiveRecord*...')
#2 D:\OpenServer\domains\MyShop\framework\db\ar\CActiveRecord.php(1077): Users->beforeSave()
#3 D:\OpenServer\domains\MyShop\framework\db\ar\CActiveRecord.php(811): CActiveRecord->insert(NULL)
#4 D:\OpenServer\domains\MyShop\protected\controllers\SiteController.php(65): CActiveRecord->save()
#5 D:\OpenServer\domains\MyShop\framework\web\actions\CInlineAction.php(49): SiteController->actionRegister()
#6 D:\OpenServer\domains\MyShop\framework\web\CController.php(308): CInlineAction->runWithParams(Array)
#7 D:\OpenServer\domains\MyShop\framework\web\CController.php(286): CController->runAction(Object(CInlineAction))
#8 D:\OpenServer\domains\MyShop\framework\web\CController.php(265): CController->runActionWithFilters(Object(CInlineAction), Array)
#9 D:\OpenServer\domains\MyShop\framework\web\CWebApplication.php(282): CController->run('register')
#10 D:\OpenServer\domains\MyShop\framework\web\CWebApplication.php(141): CWebApplication->runController('site/register')
#11 D:\OpenServer\domains\MyShop\framework\base\CApplication.php(185): CWebApplication->processRequest()
#12 D:\OpenServer\domains\MyShop\index.php(12): CApplication->run()
#13 {main}
REQUEST_URI=/index.php/site/register
HTTP_REFERER=http://myshop.lh/index.php/site/register
---
2018/01/19 21:12:00 [error] [exception.CException] exception 'CException' with message 'Не определено свойство "Users.*CActiveRecord*_attributes".' in D:\OpenServer\domains\MyShop\framework\base\CComponent.php:130
Stack trace:
#0 D:\OpenServer\domains\MyShop\framework\db\ar\CActiveRecord.php(145): CComponent->__get('*CActiveRecord*...')
#1 D:\OpenServer\domains\MyShop\protected\controllers\SiteController.php(66): CActiveRecord->__get('*CActiveRecord*...')
#2 D:\OpenServer\domains\MyShop\framework\web\actions\CInlineAction.php(49): SiteController->actionRegister()
#3 D:\OpenServer\domains\MyShop\framework\web\CController.php(308): CInlineAction->runWithParams(Array)
#4 D:\OpenServer\domains\MyShop\framework\web\CController.php(286): CController->runAction(Object(CInlineAction))
#5 D:\OpenServer\domains\MyShop\framework\web\CController.php(265): CController->runActionWithFilters(Object(CInlineAction), Array)
#6 D:\OpenServer\domains\MyShop\framework\web\CWebApplication.php(282): CController->run('register')
#7 D:\OpenServer\domains\MyShop\framework\web\CWebApplication.php(141): CWebApplication->runController('site/register')
#8 D:\OpenServer\domains\MyShop\framework\base\CApplication.php(185): CWebApplication->processRequest()
#9 D:\OpenServer\domains\MyShop\index.php(12): CApplication->run()
#10 {main}
REQUEST_URI=/index.php/site/register
HTTP_REFERER=http://myshop.lh/index.php/site/register
---
2018/01/19 21:17:25 [error] [exception.CException] exception 'CException' with message 'Не определено свойство "Users.*CActiveRecord*_attributes".' in D:\OpenServer\domains\MyShop\framework\base\CComponent.php:130
Stack trace:
#0 D:\OpenServer\domains\MyShop\framework\db\ar\CActiveRecord.php(145): CComponent->__get('*CActiveRecord*...')
#1 D:\OpenServer\domains\MyShop\protected\controllers\SiteController.php(63): CActiveRecord->__get('*CActiveRecord*...')
#2 D:\OpenServer\domains\MyShop\framework\web\actions\CInlineAction.php(49): SiteController->actionRegister()
#3 D:\OpenServer\domains\MyShop\framework\web\CController.php(308): CInlineAction->runWithParams(Array)
#4 D:\OpenServer\domains\MyShop\framework\web\CController.php(286): CController->runAction(Object(CInlineAction))
#5 D:\OpenServer\domains\MyShop\framework\web\CController.php(265): CController->runActionWithFilters(Object(CInlineAction), Array)
#6 D:\OpenServer\domains\MyShop\framework\web\CWebApplication.php(282): CController->run('register')
#7 D:\OpenServer\domains\MyShop\framework\web\CWebApplication.php(141): CWebApplication->runController('site/register')
#8 D:\OpenServer\domains\MyShop\framework\base\CApplication.php(185): CWebApplication->processRequest()
#9 D:\OpenServer\domains\MyShop\index.php(12): CApplication->run()
#10 {main}
REQUEST_URI=/index.php/site/register
HTTP_REFERER=http://myshop.lh/index.php/site/register
---
2018/01/19 21:18:32 [error] [exception.CException] exception 'CException' with message 'Не определено свойство "Users.*CActiveRecord*_attributes".' in D:\OpenServer\domains\MyShop\framework\base\CComponent.php:130
Stack trace:
#0 D:\OpenServer\domains\MyShop\framework\db\ar\CActiveRecord.php(145): CComponent->__get('*CActiveRecord*...')
#1 D:\OpenServer\domains\MyShop\protected\controllers\SiteController.php(63): CActiveRecord->__get('*CActiveRecord*...')
#2 D:\OpenServer\domains\MyShop\framework\web\actions\CInlineAction.php(49): SiteController->actionRegister()
#3 D:\OpenServer\domains\MyShop\framework\web\CController.php(308): CInlineAction->runWithParams(Array)
#4 D:\OpenServer\domains\MyShop\framework\web\CController.php(286): CController->runAction(Object(CInlineAction))
#5 D:\OpenServer\domains\MyShop\framework\web\CController.php(265): CController->runActionWithFilters(Object(CInlineAction), Array)
#6 D:\OpenServer\domains\MyShop\framework\web\CWebApplication.php(282): CController->run('register')
#7 D:\OpenServer\domains\MyShop\framework\web\CWebApplication.php(141): CWebApplication->runController('site/register')
#8 D:\OpenServer\domains\MyShop\framework\base\CApplication.php(185): CWebApplication->processRequest()
#9 D:\OpenServer\domains\MyShop\index.php(12): CApplication->run()
#10 {main}
REQUEST_URI=/index.php/site/register
HTTP_REFERER=http://myshop.lh/index.php/site/register
---
2018/01/19 21:23:00 [error] [exception.CException] exception 'CException' with message 'Не определено свойство "Users.*CActiveRecord*_attributes".' in D:\OpenServer\domains\MyShop\framework\base\CComponent.php:130
Stack trace:
#0 D:\OpenServer\domains\MyShop\framework\db\ar\CActiveRecord.php(145): CComponent->__get('*CActiveRecord*...')
#1 D:\OpenServer\domains\MyShop\protected\models\Users.php(60): CActiveRecord->__get('*CActiveRecord*...')
#2 D:\OpenServer\domains\MyShop\framework\db\ar\CActiveRecord.php(1077): Users->beforeSave()
#3 D:\OpenServer\domains\MyShop\framework\db\ar\CActiveRecord.php(811): CActiveRecord->insert(NULL)
#4 D:\OpenServer\domains\MyShop\protected\controllers\SiteController.php(65): CActiveRecord->save()
#5 D:\OpenServer\domains\MyShop\framework\web\actions\CInlineAction.php(49): SiteController->actionRegister()
#6 D:\OpenServer\domains\MyShop\framework\web\CController.php(308): CInlineAction->runWithParams(Array)
#7 D:\OpenServer\domains\MyShop\framework\web\CController.php(286): CController->runAction(Object(CInlineAction))
#8 D:\OpenServer\domains\MyShop\framework\web\CController.php(265): CController->runActionWithFilters(Object(CInlineAction), Array)
#9 D:\OpenServer\domains\MyShop\framework\web\CWebApplication.php(282): CController->run('register')
#10 D:\OpenServer\domains\MyShop\framework\web\CWebApplication.php(141): CWebApplication->runController('site/register')
#11 D:\OpenServer\domains\MyShop\framework\base\CApplication.php(185): CWebApplication->processRequest()
#12 D:\OpenServer\domains\MyShop\index.php(12): CApplication->run()
#13 {main}
REQUEST_URI=/index.php/site/register
HTTP_REFERER=http://myshop.lh/index.php/site/register
---
